[debug] [2018-07-02T08:14:38.190Z] ----------------------------------------------------------------------
[debug] [2018-07-02T08:14:38.223Z] Command:       C:\Program Files\nodejs\node.exe C:\Users\Rudresh\AppData\Roaming\npm\node_modules\firebase-tools\bin\firebase deploy
[debug] [2018-07-02T08:14:38.224Z] CLI Version:   3.19.1
[debug] [2018-07-02T08:14:38.224Z] Platform:      win32
[debug] [2018-07-02T08:14:38.225Z] Node Version:  v10.3.0
[debug] [2018-07-02T08:14:38.238Z] Time:          Mon Jul 02 2018 13:44:38 GMT+0530 (India Standard Time)
[debug] [2018-07-02T08:14:38.238Z] ----------------------------------------------------------------------
[debug] 
[debug] [2018-07-02T08:14:38.371Z] > command requires scopes: ["email","openid","https://www.googleapis.com/auth/cloudplatformprojects.readonly","https://www.googleapis.com/auth/firebase","https://www.googleapis.com/auth/cloud-platform"]
[debug] [2018-07-02T08:14:38.372Z] > authorizing via signed-in user
[debug] [2018-07-02T08:14:38.378Z] > refreshing access token with scopes: ["email","https://www.googleapis.com/auth/cloud-platform","https://www.googleapis.com/auth/cloudplatformprojects.readonly","https://www.googleapis.com/auth/firebase","openid"]
[debug] [2018-07-02T08:14:38.379Z] >>> HTTP REQUEST POST https://www.googleapis.com/oauth2/v3/token  
 { refresh_token:
   '1/GR4xC28lGsLUEmPAzkPbTq__YiccGHUjJ05NCZlKyYZ7NqN_PWkDJqjRoqTH48_v',
  client_id:
   '563584335869-fgrhgmd47bqnekij5i8b5pr03ho849e6.apps.googleusercontent.com',
  client_secret: 'j9iVZfS8kkCEFUPaAeJV0sAi',
  grant_type: 'refresh_token',
  scope:
   'email https://www.googleapis.com/auth/cloud-platform https://www.googleapis.com/auth/cloudplatformprojects.readonly https://www.googleapis.com/auth/firebase openid' } 
 Mon Jul 02 2018 13:44:38 GMT+0530 (India Standard Time)
[debug] [2018-07-02T08:14:42.563Z] <<< HTTP RESPONSE 200
[debug] [2018-07-02T08:14:43.749Z] >>> HTTP REQUEST GET https://admin.firebase.com/v1/projects/mobuild-235d0  
  
 Mon Jul 02 2018 13:44:43 GMT+0530 (India Standard Time)
[debug] [2018-07-02T08:14:49.162Z] <<< HTTP RESPONSE 200
[debug] [2018-07-02T08:14:49.164Z] >>> HTTP REQUEST GET https://admin.firebase.com/v1/database/mobuild-235d0/tokens  
  
 Mon Jul 02 2018 13:44:49 GMT+0530 (India Standard Time)
[debug] [2018-07-02T08:14:51.419Z] <<< HTTP RESPONSE 200
